# JRE version: OpenJDK Runtime Environment (21.0.5) (build 21.0.5+-13047016-b750.29)
# Java VM: OpenJDK 64-Bit Server VM (21.0.5+-13047016-b750.29, mixed mode, tiered, compressed oops, compressed class ptrs, g1 gc, bsd-amd64)
GC Precious Log:
 CardTable entry size: 512
 Card Set container configuration: InlinePtr #cards 5 size 8 Array Of Cards #cards 12 size 40 Howl #buckets 4 coarsen threshold 1843 Howl Bitmap #cards 512 size 80 coarsen threshold 460 Card regions per heap region 1 cards per card region 2048
 CPUs: 4 total, 4 available
 Memory: 8192M
 Large Page Support: Disabled
 NUMA Support: Disabled
 Compressed Oops: Enabled (Zero based)
 Heap Region Size: 1M
 Heap Min Capacity: 8M
 Heap Initial Capacity: 128M
 Heap Max Capacity: 2G
 Pre-touch: Disabled
 Parallel Workers: 4
 Concurrent Workers: 1
 Concurrent Refinement Workers: 4
 Periodic GC: Disabled
Heap:
 garbage-first heap   total 71680K, used 55893K [0x0000000780000000, 0x0000000800000000)
  region size 1024K, 14 young (14336K), 2 survivors (2048K)
 Metaspace       used 61129K, committed 62720K, reserved 1114112K
  class space    used 8318K, committed 9088K, reserved 1048576K
GC Heap History (20 events):
Event: 19.246 GC heap before
{Heap before GC invocations=12 (full 0):
 garbage-first heap   total 66560K, used 40423K [0x0000000780000000, 0x0000000800000000)
  region size 1024K, 12 young (12288K), 4 survivors (4096K)
 Metaspace       used 47653K, committed 48960K, reserved 1114112K
  class space    used 6504K, committed 7168K, reserved 1048576K
}
Event: 19.251 GC heap after
{Heap after GC invocations=13 (full 0):
 garbage-first heap   total 66560K, used 35744K [0x0000000780000000, 0x0000000800000000)
  region size 1024K, 2 young (2048K), 2 survivors (2048K)
 Metaspace       used 47653K, committed 48960K, reserved 1114112K
  class space    used 6504K, committed 7168K, reserved 1048576K
}
Event: 21.360 GC heap before
{Heap before GC invocations=14 (full 0):
 garbage-first heap   total 70656K, used 62368K [0x0000000780000000, 0x0000000800000000)
  region size 1024K, 23 young (23552K), 2 survivors (2048K)
 Metaspace       used 49991K, committed 51328K, reserved 1114112K
  class space    used 6754K, committed 7424K, reserved 1048576K
}
Event: 21.365 GC heap after
{Heap after GC invocations=15 (full 0):
 garbage-first heap   total 70656K, used 37197K [0x0000000780000000, 0x0000000800000000)
  region size 1024K, 3 young (3072K), 3 survivors (3072K)
 Metaspace       used 49991K, committed 51328K, reserved 1114112K
  class space    used 6754K, committed 7424K, reserved 1048576K
}
Event: 22.951 GC heap before
{Heap before GC invocations=15 (full 0):
 garbage-first heap   total 70656K, used 60749K [0x0000000780000000, 0x0000000800000000)
  region size 1024K, 26 young (26624K), 3 survivors (3072K)
 Metaspace       used 53129K, committed 54528K, reserved 1114112K
  class space    used 7268K, committed 7936K, reserved 1048576K
}
Event: 22.958 GC heap after
{Heap after GC invocations=16 (full 0):
 garbage-first heap   total 70656K, used 38272K [0x0000000780000000, 0x0000000800000000)
  region size 1024K, 4 young (4096K), 4 survivors (4096K)
 Metaspace       used 53129K, committed 54528K, reserved 1114112K
  class space    used 7268K, committed 7936K, reserved 1048576K
}
Event: 23.021 GC heap before
{Heap before GC invocations=16 (full 0):
 garbage-first heap   total 70656K, used 39296K [0x0000000780000000, 0x0000000800000000)
  region size 1024K, 7 young (7168K), 4 survivors (4096K)
 Metaspace       used 53326K, committed 54720K, reserved 1114112K
  class space    used 7278K, committed 7936K, reserved 1048576K
}
Event: 23.037 GC heap after
{Heap after GC invocations=17 (full 0):
 garbage-first heap   total 70656K, used 38705K [0x0000000780000000, 0x0000000800000000)
  region size 1024K, 2 young (2048K), 2 survivors (2048K)
 Metaspace       used 53326K, committed 54720K, reserved 1114112K
  class space    used 7278K, committed 7936K, reserved 1048576K
}
Event: 24.435 GC heap before
{Heap before GC invocations=18 (full 0):
 garbage-first heap   total 70656K, used 64305K [0x0000000780000000, 0x0000000800000000)
  region size 1024K, 26 young (26624K), 2 survivors (2048K)
 Metaspace       used 56535K, committed 58048K, reserved 1114112K
  class space    used 7734K, committed 8448K, reserved 1048576K
}
Event: 24.440 GC heap after
{Heap after GC invocations=19 (full 0):
 garbage-first heap   total 70656K, used 39900K [0x0000000780000000, 0x0000000800000000)
  region size 1024K, 3 young (3072K), 3 survivors (3072K)
 Metaspace       used 56535K, committed 58048K, reserved 1114112K
  class space    used 7734K, committed 8448K, reserved 1048576K
}
Event: 26.407 GC heap before
{Heap before GC invocations=19 (full 0):
 garbage-first heap   total 70656K, used 63452K [0x0000000780000000, 0x0000000800000000)
  region size 1024K, 26 young (26624K), 3 survivors (3072K)
 Metaspace       used 59141K, committed 60736K, reserved 1114112K
  class space    used 8112K, committed 8896K, reserved 1048576K
}
Event: 26.415 GC heap after
{Heap after GC invocations=20 (full 0):
 garbage-first heap   total 70656K, used 40198K [0x0000000780000000, 0x0000000800000000)
  region size 1024K, 4 young (4096K), 4 survivors (4096K)
 Metaspace       used 59141K, committed 60736K, reserved 1114112K
  class space    used 8112K, committed 8896K, reserved 1048576K
}
Event: 27.819 GC heap before
{Heap before GC invocations=20 (full 0):
 garbage-first heap   total 70656K, used 60678K [0x0000000780000000, 0x0000000800000000)
  region size 1024K, 25 young (25600K), 4 survivors (4096K)
 Metaspace       used 60312K, committed 61888K, reserved 1114112K
  class space    used 8291K, committed 9024K, reserved 1048576K
}
Event: 27.839 GC heap after
{Heap after GC invocations=21 (full 0):
 garbage-first heap   total 70656K, used 42885K [0x0000000780000000, 0x0000000800000000)
  region size 1024K, 4 young (4096K), 4 survivors (4096K)
 Metaspace       used 60312K, committed 61888K, reserved 1114112K
  class space    used 8291K, committed 9024K, reserved 1048576K
}
Event: 28.859 GC heap before
{Heap before GC invocations=22 (full 0):
 garbage-first heap   total 71680K, used 61317K [0x0000000780000000, 0x0000000800000000)
  region size 1024K, 23 young (23552K), 4 survivors (4096K)
 Metaspace       used 60568K, committed 62144K, reserved 1114112K
  class space    used 8291K, committed 9024K, reserved 1048576K
}
Event: 28.878 GC heap after
{Heap after GC invocations=23 (full 0):
 garbage-first heap   total 71680K, used 44416K [0x0000000780000000, 0x0000000800000000)
  region size 1024K, 2 young (2048K), 2 survivors (2048K)
 Metaspace       used 60568K, committed 62144K, reserved 1114112K
  class space    used 8291K, committed 9024K, reserved 1048576K
}
Event: 30.176 GC heap before
{Heap before GC invocations=23 (full 0):
 garbage-first heap   total 71680K, used 63872K [0x0000000780000000, 0x0000000800000000)
  region size 1024K, 22 young (22528K), 2 survivors (2048K)
 Metaspace       used 60931K, committed 62528K, reserved 1114112K
  class space    used 8318K, committed 9088K, reserved 1048576K
}
Event: 30.181 GC heap after
{Heap after GC invocations=24 (full 0):
 garbage-first heap   total 71680K, used 45056K [0x0000000780000000, 0x0000000800000000)
  region size 1024K, 2 young (2048K), 2 survivors (2048K)
 Metaspace       used 60931K, committed 62528K, reserved 1114112K
  class space    used 8318K, committed 9088K, reserved 1048576K
}
Event: 30.821 GC heap before
{Heap before GC invocations=24 (full 0):
 garbage-first heap   total 71680K, used 64512K [0x0000000780000000, 0x0000000800000000)
  region size 1024K, 22 young (22528K), 2 survivors (2048K)
 Metaspace       used 61057K, committed 62592K, reserved 1114112K
  class space    used 8318K, committed 9088K, reserved 1048576K
}
Event: 30.836 GC heap after
{Heap after GC invocations=25 (full 0):
 garbage-first heap   total 71680K, used 45653K [0x0000000780000000, 0x0000000800000000)
  region size 1024K, 2 young (2048K), 2 survivors (2048K)
 Metaspace       used 61057K, committed 62592K, reserved 1114112K
  class space    used 8318K, committed 9088K, reserved 1048576K
}

